#
# There is insufficient memory for the Java Runtime Environment to continue.
# Native memory allocation (mmap) failed to map 264241152 bytes. Error detail: G1 virtual space
# Possible reasons:
#   The system is out of physical RAM or swap space
#   This process is running with CompressedOops enabled, and the Java Heap may be blocking the growth of the native heap
# Possible solutions:
#   Reduce memory load on the system
#   Increase physical memory or swap space
#   Check if swap backing store is full
#   Decrease Java heap size (-Xmx/-Xms)
#   Decrease number of Java threads
#   Decrease Java thread stack sizes (-Xss)
#   Set larger code cache with -XX:ReservedCodeCacheSize=
#   JVM is running with Zero Based Compressed Oops mode in which the Java heap is
#     placed in the first 32GB address space. The Java Heap base address is the
#     maximum limit for the native heap growth. Please use -XX:HeapBaseMinAddress
#     to set the Java Heap base and to place the Java Heap above 32GB virtual address.
# This output file may be truncated or incomplete.
#
#  Out of Memory Error (os_windows.cpp:3707), pid=30888, tid=30908
#
# JRE version:  (23.0.2+7) (build )
# Java VM: Java HotSpot(TM) 64-Bit Server VM (23.0.2+7-58, mixed mode, sharing, tiered, compressed oops, compressed class ptrs, g1 gc, windows-amd64)
# No core dump will be written. Minidumps are not enabled by default on client versions of Windows
#

---------------  S U M M A R Y ------------

Command Line: -Dclassworlds.conf=C:\ProgramData\chocolatey\lib\maven\apache-maven-3.9.9\bin\m2.conf -Dmaven.home=C:\ProgramData\chocolatey\lib\maven\apache-maven-3.9.9 -Dlibrary.jansi.path=C:\ProgramData\chocolatey\lib\maven\apache-maven-3.9.9\lib\jansi-native -Dmaven.multiModuleProjectDirectory=C:\Users\mts49\IdeaProjects\Chat_Bot org.codehaus.plexus.classworlds.launcher.Launcher -P android gluonfx:compile gluonfx:link

Host: 11th Gen Intel(R) Core(TM) i3-1115G4 @ 3.00GHz, 4 cores, 15G,  Windows 11 , 64 bit Build 26100 (10.0.26100.3912)
Time: Sat May 17 00:55:10 2025  Windows 11 , 64 bit Build 26100 (10.0.26100.3912) elapsed time: 0.157606 seconds (0d 0h 0m 0s)

---------------  T H R E A D  ---------------

Current thread (0x0000019b82335430):  JavaThread "Unknown thread" [_thread_in_vm, id=30908, stack(0x0000006fc2800000,0x0000006fc2900000) (1024K)]

Stack: [0x0000006fc2800000,0x0000006fc2900000]
Native frames: (J=compiled Java code, j=interpreted, Vv=VM code, C=native code)
V  [jvm.dll+0x6e0b99]  (no source info available)
V  [jvm.dll+0x87e2b3]  (no source info available)
V  [jvm.dll+0x88073e]  (no source info available)
V  [jvm.dll+0x880e13]  (no source info available)
V  [jvm.dll+0x27b006]  (no source info available)
V  [jvm.dll+0x6dd485]  (no source info available)
V  [jvm.dll+0x6d127a]  (no source info available)
V  [jvm.dll+0x35b50a]  (no source info available)
V  [jvm.dll+0x363916]  (no source info available)
V  [jvm.dll+0x34fe7e]  (no source info available)
V  [jvm.dll+0x350118]  (no source info available)
V  [jvm.dll+0x328aec]  (no source info available)
V  [jvm.dll+0x32978e]  (no source info available)
V  [jvm.dll+0x8449a5]  (no source info available)
V  [jvm.dll+0x3b9a08]  (no source info available)
V  [jvm.dll+0x82d68c]  (no source info available)
V  [jvm.dll+0x454f2e]  (no source info available)
V  [jvm.dll+0x456db1]  (no source info available)
C  [jli.dll+0x52a3]  (no source info available)
C  [ucrtbase.dll+0x37b0]  (no source info available)
C  [KERNEL32.DLL+0x2e8d7]  (no source info available)
C  [ntdll.dll+0x9c5dc]  (no source info available)

Lock stack of current Java thread (top to bottom):


---------------  P R O C E S S  ---------------

Threads class SMR info:
_java_thread_list=0x00007ffb0a414618, length=0, elements={
}

Java Threads: ( => current thread )
Total: 0

Other Threads:
  0x0000019b84742ad0 WorkerThread "GC Thread#0"                     [id=30912, stack(0x0000006fc2900000,0x0000006fc2a00000) (1024K)]
  0x0000019b84791f80 ConcurrentGCThread "G1 Main Marker"            [id=30916, stack(0x0000006fc2a00000,0x0000006fc2b00000) (1024K)]
  0x0000019b847940e0 WorkerThread "G1 Conc#0"                       [id=30920, stack(0x0000006fc2b00000,0x0000006fc2c00000) (1024K)]

[error occurred during error reporting (printing all threads), id 0xc0000005, EXCEPTION_ACCESS_VIOLATION (0xc0000005) at pc=0x00007ffb09b5c0da]
VM state: not at safepoint (not fully initialized)

VM Mutex/Monitor currently owned by a thread:  ([mutex/lock_event])
[0x00007ffb0a494988] Heap_lock - owner thread: 0x0000019b82335430

Heap address: 0x0000000704000000, size: 4032 MB, Compressed Oops mode: Zero based, Oop shift amount: 3

CDS archive(s) mapped at: [0x0000000000000000-0x0000000000000000-0x0000000000000000), size 0, SharedBaseAddress: 0x0000000800000000, ArchiveRelocationMode: 1.
Narrow klass base: 0x0000000000000000, Narrow klass shift: 0, Narrow klass range: 0x0

GC Precious Log:
 CardTable entry size: 512
 Card Set container configuration: InlinePtr #cards 4 size 8 Array Of Cards #cards 16 size 48 Howl #buckets 8 coarsen threshold 3686 Howl Bitmap #cards 512 size 80 coarsen threshold 460 Card regions per heap region 1 cards per card region 4096

Heap:
 garbage-first heap   total reserved 4128768K, committed 0K, used 0K [0x0000000704000000, 0x0000000800000000)
  region size 2048K, 0 young (0K), 0 survivors (0K)

[error occurred during error reporting (printing heap information), id 0xc0000005, EXCEPTION_ACCESS_VIOLATION (0xc0000005) at pc=0x00007ffb09f5c6a9]
GC Heap History (0 events):
No events

Dll operation events (1 events):
Event: 0.008 Loaded shared library C:\Program Files\Java\jdk-23\bin\java.dll

Deoptimization events (0 events):
No events

Classes loaded (0 events):
No events

Classes unloaded (0 events):
No events

Classes redefined (0 events):
No events

Internal exceptions (0 events):
No events

VM Operations (0 events):
No events

Memory protections (0 events):
No events

Nmethod flushes (0 events):
No events

Events (0 events):
No events


Dynamic libraries:
0x00007ff669540000 - 0x00007ff669550000 	C:\Program Files\Java\jdk-23\bin\java.exe
0x00007ffb7c200000 - 0x00007ffb7c466000 	C:\WINDOWS\SYSTEM32\ntdll.dll
0x00007ffb7add0000 - 0x00007ffb7ae99000 	C:\WINDOWS\System32\KERNEL32.DLL
0x00007ffb79900000 - 0x00007ffb79ccc000 	C:\WINDOWS\System32\KERNELBASE.dll
0x00007ffb79e40000 - 0x00007ffb79f8b000 	C:\WINDOWS\System32\ucrtbase.dll
0x00007ffb49aa0000 - 0x00007ffb49abb000 	C:\Program Files\Java\jdk-23\bin\VCRUNTIME140.dll
0x00007ffb48e00000 - 0x00007ffb48e17000 	C:\Program Files\Java\jdk-23\bin\jli.dll
0x00007ffb7ac00000 - 0x00007ffb7adca000 	C:\WINDOWS\System32\USER32.dll
0x00007ffb62100000 - 0x00007ffb6239a000 	C:\WINDOWS\WinSxS\amd64_microsoft.windows.common-controls_6595b64144ccf1df_6.0.26100.3912_none_3e07963ce335137e\COMCTL32.dll
0x00007ffb79f90000 - 0x00007ffb79fb7000 	C:\WINDOWS\System32\win32u.dll
0x00007ffb7bef0000 - 0x00007ffb7bf99000 	C:\WINDOWS\System32\msvcrt.dll
0x00007ffb7b940000 - 0x00007ffb7b96b000 	C:\WINDOWS\System32\GDI32.dll
0x00007ffb79430000 - 0x00007ffb79562000 	C:\WINDOWS\System32\gdi32full.dll
0x00007ffb79d90000 - 0x00007ffb79e33000 	C:\WINDOWS\System32\msvcp_win.dll
0x00007ffb7aeb0000 - 0x00007ffb7aee0000 	C:\WINDOWS\System32\IMM32.DLL
0x00007ffb4e770000 - 0x00007ffb4e77c000 	C:\Program Files\Java\jdk-23\bin\vcruntime140_1.dll
0x00007ffb2b960000 - 0x00007ffb2b9ee000 	C:\Program Files\Java\jdk-23\bin\msvcp140.dll
0x00007ffb09820000 - 0x00007ffb0a570000 	C:\Program Files\Java\jdk-23\bin\server\jvm.dll
0x00007ffb7a4c0000 - 0x00007ffb7a572000 	C:\WINDOWS\System32\ADVAPI32.dll
0x00007ffb7b880000 - 0x00007ffb7b926000 	C:\WINDOWS\System32\sechost.dll
0x00007ffb7b020000 - 0x00007ffb7b136000 	C:\WINDOWS\System32\RPCRT4.dll
0x00007ffb7afa0000 - 0x00007ffb7b014000 	C:\WINDOWS\System32\WS2_32.dll
0x00007ffb79200000 - 0x00007ffb7925e000 	C:\WINDOWS\SYSTEM32\POWRPROF.dll
0x00007ffb5fae0000 - 0x00007ffb5fb16000 	C:\WINDOWS\SYSTEM32\WINMM.dll
0x00007ffb703a0000 - 0x00007ffb703ab000 	C:\WINDOWS\SYSTEM32\VERSION.dll
0x00007ffb791e0000 - 0x00007ffb791f4000 	C:\WINDOWS\SYSTEM32\UMPDC.dll
0x00007ffb78130000 - 0x00007ffb7814a000 	C:\WINDOWS\SYSTEM32\kernel.appcore.dll
0x00007ffb49a90000 - 0x00007ffb49a9a000 	C:\Program Files\Java\jdk-23\bin\jimage.dll
0x00007ffb760f0000 - 0x00007ffb76331000 	C:\WINDOWS\SYSTEM32\DBGHELP.DLL
0x00007ffb7a030000 - 0x00007ffb7a3b4000 	C:\WINDOWS\System32\combase.dll
0x00007ffb7b970000 - 0x00007ffb7ba50000 	C:\WINDOWS\System32\OLEAUT32.dll
0x00007ffb59a00000 - 0x00007ffb59a39000 	C:\WINDOWS\SYSTEM32\dbgcore.DLL
0x00007ffb79390000 - 0x00007ffb79429000 	C:\WINDOWS\System32\bcryptPrimitives.dll
0x00007ffb45260000 - 0x00007ffb4527e000 	C:\Program Files\Java\jdk-23\bin\java.dll
0x00007ffb7a9d0000 - 0x00007ffb7ab6f000 	C:\WINDOWS\System32\ole32.dll
0x00007ffb7b150000 - 0x00007ffb7b87d000 	C:\WINDOWS\System32\SHELL32.dll
0x00007ffb79570000 - 0x00007ffb796e4000 	C:\WINDOWS\System32\wintypes.dll

dbghelp: loaded successfully - version: 4.0.5 - missing functions: none
symbol engine: initialized successfully - sym options: 0x614 - pdb path: .;C:\Program Files\Java\jdk-23\bin;C:\WINDOWS\SYSTEM32;C:\WINDOWS\WinSxS\amd64_microsoft.windows.common-controls_6595b64144ccf1df_6.0.26100.3912_none_3e07963ce335137e;C:\Program Files\Java\jdk-23\bin\server

VM Arguments:
jvm_args: -Dclassworlds.conf=C:\ProgramData\chocolatey\lib\maven\apache-maven-3.9.9\bin\m2.conf -Dmaven.home=C:\ProgramData\chocolatey\lib\maven\apache-maven-3.9.9 -Dlibrary.jansi.path=C:\ProgramData\chocolatey\lib\maven\apache-maven-3.9.9\lib\jansi-native -Dmaven.multiModuleProjectDirectory=C:\Users\mts49\IdeaProjects\Chat_Bot 
java_command: org.codehaus.plexus.classworlds.launcher.Launcher -P android gluonfx:compile gluonfx:link
java_class_path (initial): C:\ProgramData\chocolatey\lib\maven\apache-maven-3.9.9\boot\plexus-classworlds-2.8.0.jar
Launcher Type: SUN_STANDARD

[Global flags]
     intx CICompilerCount                          = 3                                         {product} {ergonomic}
     uint ConcGCThreads                            = 1                                         {product} {ergonomic}
     uint G1ConcRefinementThreads                  = 4                                         {product} {ergonomic}
   size_t G1HeapRegionSize                         = 2097152                                   {product} {ergonomic}
   size_t InitialHeapSize                          = 264241152                                 {product} {ergonomic}
   size_t MarkStackSize                            = 4194304                                   {product} {ergonomic}
   size_t MarkStackSizeMax                         = 536870912                                 {product} {ergonomic}
   size_t MaxHeapSize                              = 4227858432                                {product} {ergonomic}
   size_t MinHeapDeltaBytes                        = 2097152                                   {product} {ergonomic}
   size_t MinHeapSize                              = 8388608                                   {product} {ergonomic}
    uintx NonNMethodCodeHeapSize                   = 5832704                                {pd product} {ergonomic}
    uintx NonProfiledCodeHeapSize                  = 122945536                              {pd product} {ergonomic}
    uintx ProfiledCodeHeapSize                     = 122880000                              {pd product} {ergonomic}
    uintx ReservedCodeCacheSize                    = 251658240                              {pd product} {ergonomic}
     bool SegmentedCodeCache                       = true                                      {product} {ergonomic}
   size_t SoftMaxHeapSize                          = 4227858432                             {manageable} {ergonomic}
     bool UseCompressedOops                        = true                           {product lp64_product} {ergonomic}
     bool UseG1GC                                  = true                                      {product} {ergonomic}
     bool UseLargePagesIndividualAllocation        = false                                  {pd product} {ergonomic}

Logging:
Log output configuration:
 #0: stdout all=warning uptime,level,tags foldmultilines=false
 #1: stderr all=off uptime,level,tags foldmultilines=false

Environment Variables:
JAVA_HOME=C:\Program Files\Java\jdk-23
CLASSPATH=.;
PATH=C:\Program Files\Common Files\Oracle\Java\javapath;C:\Program Files (x86)\Embarcadero\Studio\23.0\bin;C:\Users\Public\Documents\Embarcadero\Studio\23.0\Bpl;C:\Program Files (x86)\Embarcadero\Studio\23.0\bin64;C:\Users\Public\Documents\Embarcadero\Studio\23.0\Bpl\Win64;C:\WINDOWS\system32;C:\WINDOWS;C:\WINDOWS\System32\Wbem;C:\WINDOWS\System32\WindowsPowerShell\v1.0\;C:\WINDOWS\System32\OpenSSH\;C:\Program Files\Microsoft SQL Server\150\Tools\Binn\;C:\Program Files\Microsoft SQL Server\Client SDK\ODBC\170\Tools\Binn\;C:\Program Files\dotnet\;C:\Program Files (x86)\Windows Kits\10\Windows Performance Toolkit\;C:\Program Files\OpenSSL-Win64\bin;C:\Program Files\Calibre2\;C:\Program Files\Git\cmd;C:\Users\mts49\AppData\Local\Programs\Python\Python39\Scripts;C:\Users\mts49\AppData\Local\Programs\Python\Python313;C:\Users\mts49\AppData\Local\Programs\Python\Python313\Scripts;C:\Program Files\CMake\bin;C:\Program Files\maven-mvnd-1.0.2-windows-amd64\bin;C:\ProgramData\chocolatey\bin;C:\ProgramData\chocolatey\bin;C:\ProgramData\chocolatey\lib\maven\apache-maven-3.9.9\bin;C:\Program Files\graalvm-community-openjdk-24.0.1+9.1\bin;C:\Users\mts49\AppData\Local\Programs\Python\Python313\Scripts\;C:\Users\mts49\AppData\Local\Programs\Python\Python313\;C:\Users\mts49\AppData\Local\Microsoft\WindowsApps;C:\Program Files\JetBrains\PyCharm Community Edition 2024.2.4\bin;;C:\MinGW\bin;C:\Users\mts49\.dotnet\tools;C:\Users\mts49\AppData\Local\Programs\Microsoft VS Code\bin;C:\Program Files\JetBrains\IntelliJ IDEA 2024.3.3\bin;;C:\Program Files\JetBrains\IntelliJ IDEA Community Edition 2024.3.3\bin;;C:\Program Files\Java\jdk-23\bin;C:\Program Files\CMake\bin
USERNAME=mts49
OS=Windows_NT
PROCESSOR_IDENTIFIER=Intel64 Family 6 Model 140 Stepping 2, GenuineIntel
TMP=C:\Users\mts49\AppData\Local\Temp
TEMP=C:\Users\mts49\AppData\Local\Temp




Periodic native trim disabled

---------------  S Y S T E M  ---------------

OS:
 Windows 11 , 64 bit Build 26100 (10.0.26100.3912)
OS uptime: 0 days 8:45 hours
Hyper-V role detected

CPU: total 4 (initial active 4) (2 cores per cpu, 2 threads per core) family 6 model 140 stepping 2 microcode 0x16, cx8, cmov, fxsr, ht, mmx, 3dnowpref, sse, sse2, sse3, ssse3, sse4.1, sse4.2, popcnt, lzcnt, tsc, tscinvbit, avx, avx2, aes, erms, clmul, bmi1, bmi2, adx, avx512f, avx512dq, avx512cd, avx512bw, avx512vl, sha, fma, vzeroupper, avx512_vpopcntdq, avx512_vpclmulqdq, avx512_vaes, avx512_vnni, clflush, clflushopt, clwb, avx512_vbmi2, avx512_vbmi, hv, rdtscp, rdpid, fsrm, gfni, avx512_bitalg, f16c, cet_ibt, cet_ss, avx512_ifma
Processor Information for the first 4 processors :
  Max Mhz: 2995, Current Mhz: 2995, Mhz Limit: 2995

Memory: 4k page, system-wide physical 16127M (1241M free)
TotalPageFile size 65279M (AvailPageFile size 36M)
current process WorkingSet (physical memory assigned to process): 13M, peak: 13M
current process commit charge ("private bytes"): 52M, peak: 304M

vm_info: Java HotSpot(TM) 64-Bit Server VM (23.0.2+7-58) for windows-amd64 JRE (23.0.2+7-58), built on 2024-11-29T09:34:55Z with MS VC++ 17.6 (VS2022)

END.
